{"C:\\Users\\Rishi Sharma\\.gemini\\antigravity\\scratch\\AI Engineering Workspace (Best Long-Term)   new project\\backend\\src\\services\\analyzer.ts": {"path":"C:\\Users\\Rishi Sharma\\.gemini\\antigravity\\scratch\\AI Engineering Workspace (Best Long-Term)   new project\\backend\\src\\services\\analyzer.ts","all":false,"statementMap":{"0":{"start":{"line":1,"column":0},"end":{"line":1,"column":24}},"1":{"start":{"line":2,"column":0},"end":{"line":2,"column":0}},"2":{"start":{"line":3,"column":0},"end":{"line":3,"column":33}},"3":{"start":{"line":4,"column":0},"end":{"line":4,"column":19}},"4":{"start":{"line":5,"column":0},"end":{"line":5,"column":24}},"5":{"start":{"line":6,"column":0},"end":{"line":6,"column":23}},"6":{"start":{"line":7,"column":0},"end":{"line":7,"column":26}},"7":{"start":{"line":8,"column":0},"end":{"line":8,"column":22}},"8":{"start":{"line":9,"column":0},"end":{"line":9,"column":18}},"9":{"start":{"line":10,"column":0},"end":{"line":10,"column":1}},"10":{"start":{"line":11,"column":0},"end":{"line":11,"column":0}},"11":{"start":{"line":12,"column":0},"end":{"line":12,"column":28}},"12":{"start":{"line":13,"column":0},"end":{"line":13,"column":15}},"13":{"start":{"line":14,"column":0},"end":{"line":14,"column":51}},"14":{"start":{"line":15,"column":0},"end":{"line":15,"column":15}},"15":{"start":{"line":16,"column":0},"end":{"line":16,"column":22}},"16":{"start":{"line":17,"column":0},"end":{"line":17,"column":22}},"17":{"start":{"line":18,"column":0},"end":{"line":18,"column":23}},"18":{"start":{"line":19,"column":0},"end":{"line":19,"column":19}},"19":{"start":{"line":20,"column":0},"end":{"line":20,"column":1}},"20":{"start":{"line":21,"column":0},"end":{"line":21,"column":0}},"21":{"start":{"line":22,"column":0},"end":{"line":22,"column":32}},"22":{"start":{"line":23,"column":0},"end":{"line":23,"column":15}},"23":{"start":{"line":24,"column":0},"end":{"line":24,"column":51}},"24":{"start":{"line":25,"column":0},"end":{"line":25,"column":22}},"25":{"start":{"line":26,"column":0},"end":{"line":26,"column":15}},"26":{"start":{"line":27,"column":0},"end":{"line":27,"column":24}},"27":{"start":{"line":28,"column":0},"end":{"line":28,"column":19}},"28":{"start":{"line":29,"column":0},"end":{"line":29,"column":1}},"29":{"start":{"line":30,"column":0},"end":{"line":30,"column":0}},"30":{"start":{"line":31,"column":0},"end":{"line":31,"column":27}},"31":{"start":{"line":32,"column":0},"end":{"line":32,"column":15}},"32":{"start":{"line":33,"column":0},"end":{"line":33,"column":15}},"33":{"start":{"line":34,"column":0},"end":{"line":34,"column":29}},"34":{"start":{"line":35,"column":0},"end":{"line":35,"column":15}},"35":{"start":{"line":36,"column":0},"end":{"line":36,"column":20}},"36":{"start":{"line":37,"column":0},"end":{"line":37,"column":24}},"37":{"start":{"line":38,"column":0},"end":{"line":38,"column":1}},"38":{"start":{"line":39,"column":0},"end":{"line":39,"column":0}},"39":{"start":{"line":40,"column":0},"end":{"line":40,"column":35}},"40":{"start":{"line":41,"column":0},"end":{"line":41,"column":13}},"41":{"start":{"line":42,"column":0},"end":{"line":42,"column":16}},"42":{"start":{"line":43,"column":0},"end":{"line":43,"column":67}},"43":{"start":{"line":44,"column":0},"end":{"line":44,"column":19}},"44":{"start":{"line":45,"column":0},"end":{"line":45,"column":1}},"45":{"start":{"line":46,"column":0},"end":{"line":46,"column":0}},"46":{"start":{"line":47,"column":0},"end":{"line":47,"column":35}},"47":{"start":{"line":48,"column":0},"end":{"line":48,"column":15}},"48":{"start":{"line":49,"column":0},"end":{"line":49,"column":13}},"49":{"start":{"line":50,"column":0},"end":{"line":50,"column":17}},"50":{"start":{"line":51,"column":0},"end":{"line":51,"column":1}},"51":{"start":{"line":52,"column":0},"end":{"line":52,"column":0}},"52":{"start":{"line":53,"column":0},"end":{"line":53,"column":33}},"53":{"start":{"line":54,"column":0},"end":{"line":54,"column":22}},"54":{"start":{"line":55,"column":0},"end":{"line":55,"column":22}},"55":{"start":{"line":56,"column":0},"end":{"line":56,"column":23}},"56":{"start":{"line":57,"column":0},"end":{"line":57,"column":28}},"57":{"start":{"line":58,"column":0},"end":{"line":58,"column":26}},"58":{"start":{"line":59,"column":0},"end":{"line":59,"column":20}},"59":{"start":{"line":60,"column":0},"end":{"line":60,"column":35}},"60":{"start":{"line":61,"column":0},"end":{"line":61,"column":17}},"61":{"start":{"line":62,"column":0},"end":{"line":62,"column":30}},"62":{"start":{"line":63,"column":0},"end":{"line":63,"column":30}},"63":{"start":{"line":64,"column":0},"end":{"line":64,"column":4}},"64":{"start":{"line":65,"column":0},"end":{"line":65,"column":27}},"65":{"start":{"line":66,"column":0},"end":{"line":66,"column":19}},"66":{"start":{"line":67,"column":0},"end":{"line":67,"column":18}},"67":{"start":{"line":68,"column":0},"end":{"line":68,"column":24}},"68":{"start":{"line":69,"column":0},"end":{"line":69,"column":21}},"69":{"start":{"line":70,"column":0},"end":{"line":70,"column":19}},"70":{"start":{"line":71,"column":0},"end":{"line":71,"column":28}},"71":{"start":{"line":72,"column":0},"end":{"line":72,"column":23}},"72":{"start":{"line":73,"column":0},"end":{"line":73,"column":1}},"73":{"start":{"line":74,"column":0},"end":{"line":74,"column":0}},"74":{"start":{"line":75,"column":0},"end":{"line":75,"column":64}},"75":{"start":{"line":76,"column":0},"end":{"line":76,"column":73}},"76":{"start":{"line":77,"column":0},"end":{"line":77,"column":51}},"77":{"start":{"line":78,"column":0},"end":{"line":78,"column":16}},"78":{"start":{"line":79,"column":0},"end":{"line":79,"column":36}},"79":{"start":{"line":80,"column":0},"end":{"line":80,"column":43}},"80":{"start":{"line":81,"column":0},"end":{"line":81,"column":36}},"81":{"start":{"line":82,"column":0},"end":{"line":82,"column":43}},"82":{"start":{"line":83,"column":0},"end":{"line":83,"column":32}},"83":{"start":{"line":84,"column":0},"end":{"line":84,"column":32}},"84":{"start":{"line":85,"column":0},"end":{"line":85,"column":28}},"85":{"start":{"line":86,"column":0},"end":{"line":86,"column":30}},"86":{"start":{"line":87,"column":0},"end":{"line":87,"column":16}},"87":{"start":{"line":88,"column":0},"end":{"line":88,"column":29}},"88":{"start":{"line":89,"column":0},"end":{"line":89,"column":26}},"89":{"start":{"line":90,"column":0},"end":{"line":90,"column":32}},"90":{"start":{"line":91,"column":0},"end":{"line":91,"column":30}},"91":{"start":{"line":92,"column":0},"end":{"line":92,"column":32}},"92":{"start":{"line":93,"column":0},"end":{"line":93,"column":38}},"93":{"start":{"line":94,"column":0},"end":{"line":94,"column":34}},"94":{"start":{"line":95,"column":0},"end":{"line":95,"column":25}},"95":{"start":{"line":96,"column":0},"end":{"line":96,"column":3}},"96":{"start":{"line":97,"column":0},"end":{"line":97,"column":1}},"97":{"start":{"line":98,"column":0},"end":{"line":98,"column":0}},"98":{"start":{"line":99,"column":0},"end":{"line":99,"column":107}},"99":{"start":{"line":100,"column":0},"end":{"line":100,"column":41}},"100":{"start":{"line":101,"column":0},"end":{"line":101,"column":41}},"101":{"start":{"line":102,"column":0},"end":{"line":102,"column":42}},"102":{"start":{"line":103,"column":0},"end":{"line":103,"column":0}},"103":{"start":{"line":104,"column":0},"end":{"line":104,"column":31}},"104":{"start":{"line":105,"column":0},"end":{"line":105,"column":46}},"105":{"start":{"line":106,"column":0},"end":{"line":106,"column":0}},"106":{"start":{"line":107,"column":0},"end":{"line":107,"column":21}},"107":{"start":{"line":108,"column":0},"end":{"line":108,"column":23}},"108":{"start":{"line":109,"column":0},"end":{"line":109,"column":27}},"109":{"start":{"line":110,"column":0},"end":{"line":110,"column":25}},"110":{"start":{"line":111,"column":0},"end":{"line":111,"column":0}},"111":{"start":{"line":112,"column":0},"end":{"line":112,"column":48}},"112":{"start":{"line":113,"column":0},"end":{"line":113,"column":37}},"113":{"start":{"line":114,"column":0},"end":{"line":114,"column":37}},"114":{"start":{"line":115,"column":0},"end":{"line":115,"column":38}},"115":{"start":{"line":116,"column":0},"end":{"line":116,"column":39}},"116":{"start":{"line":117,"column":0},"end":{"line":117,"column":0}},"117":{"start":{"line":118,"column":0},"end":{"line":118,"column":60}},"118":{"start":{"line":119,"column":0},"end":{"line":119,"column":29}},"119":{"start":{"line":120,"column":0},"end":{"line":120,"column":46}},"120":{"start":{"line":121,"column":0},"end":{"line":121,"column":50}},"121":{"start":{"line":122,"column":0},"end":{"line":122,"column":37}},"122":{"start":{"line":123,"column":0},"end":{"line":123,"column":0}},"123":{"start":{"line":124,"column":0},"end":{"line":124,"column":19}},"124":{"start":{"line":125,"column":0},"end":{"line":125,"column":49}},"125":{"start":{"line":126,"column":0},"end":{"line":126,"column":26}},"126":{"start":{"line":127,"column":0},"end":{"line":127,"column":5}},"127":{"start":{"line":128,"column":0},"end":{"line":128,"column":0}},"128":{"start":{"line":129,"column":0},"end":{"line":129,"column":22}},"129":{"start":{"line":130,"column":0},"end":{"line":130,"column":134}},"130":{"start":{"line":131,"column":0},"end":{"line":131,"column":23}},"131":{"start":{"line":132,"column":0},"end":{"line":132,"column":5}},"132":{"start":{"line":133,"column":0},"end":{"line":133,"column":0}},"133":{"start":{"line":134,"column":0},"end":{"line":134,"column":33}},"134":{"start":{"line":135,"column":0},"end":{"line":135,"column":38}},"135":{"start":{"line":136,"column":0},"end":{"line":136,"column":34}},"136":{"start":{"line":137,"column":0},"end":{"line":137,"column":45}},"137":{"start":{"line":138,"column":0},"end":{"line":138,"column":34}},"138":{"start":{"line":139,"column":0},"end":{"line":139,"column":35}},"139":{"start":{"line":140,"column":0},"end":{"line":140,"column":7}},"140":{"start":{"line":141,"column":0},"end":{"line":141,"column":44}},"141":{"start":{"line":142,"column":0},"end":{"line":142,"column":36}},"142":{"start":{"line":143,"column":0},"end":{"line":143,"column":37}},"143":{"start":{"line":144,"column":0},"end":{"line":144,"column":7}},"144":{"start":{"line":145,"column":0},"end":{"line":145,"column":47}},"145":{"start":{"line":146,"column":0},"end":{"line":146,"column":39}},"146":{"start":{"line":147,"column":0},"end":{"line":147,"column":37}},"147":{"start":{"line":148,"column":0},"end":{"line":148,"column":7}},"148":{"start":{"line":149,"column":0},"end":{"line":149,"column":43}},"149":{"start":{"line":150,"column":0},"end":{"line":150,"column":35}},"150":{"start":{"line":151,"column":0},"end":{"line":151,"column":33}},"151":{"start":{"line":152,"column":0},"end":{"line":152,"column":7}},"152":{"start":{"line":153,"column":0},"end":{"line":153,"column":50}},"153":{"start":{"line":154,"column":0},"end":{"line":154,"column":39}},"154":{"start":{"line":155,"column":0},"end":{"line":155,"column":7}},"155":{"start":{"line":156,"column":0},"end":{"line":156,"column":46}},"156":{"start":{"line":157,"column":0},"end":{"line":157,"column":39}},"157":{"start":{"line":158,"column":0},"end":{"line":158,"column":7}},"158":{"start":{"line":159,"column":0},"end":{"line":159,"column":49}},"159":{"start":{"line":160,"column":0},"end":{"line":160,"column":33}},"160":{"start":{"line":161,"column":0},"end":{"line":161,"column":71}},"161":{"start":{"line":162,"column":0},"end":{"line":162,"column":69}},"162":{"start":{"line":163,"column":0},"end":{"line":163,"column":73}},"163":{"start":{"line":164,"column":0},"end":{"line":164,"column":71}},"164":{"start":{"line":165,"column":0},"end":{"line":165,"column":31}},"165":{"start":{"line":166,"column":0},"end":{"line":166,"column":39}},"166":{"start":{"line":167,"column":0},"end":{"line":167,"column":39}},"167":{"start":{"line":168,"column":0},"end":{"line":168,"column":29}},"168":{"start":{"line":169,"column":0},"end":{"line":169,"column":43}},"169":{"start":{"line":170,"column":0},"end":{"line":170,"column":31}},"170":{"start":{"line":171,"column":0},"end":{"line":171,"column":5}},"171":{"start":{"line":172,"column":0},"end":{"line":172,"column":0}},"172":{"start":{"line":173,"column":0},"end":{"line":173,"column":47}},"173":{"start":{"line":174,"column":0},"end":{"line":174,"column":23}},"174":{"start":{"line":175,"column":0},"end":{"line":175,"column":45}},"175":{"start":{"line":176,"column":0},"end":{"line":176,"column":33}},"176":{"start":{"line":177,"column":0},"end":{"line":177,"column":0}},"177":{"start":{"line":178,"column":0},"end":{"line":178,"column":66}},"178":{"start":{"line":179,"column":0},"end":{"line":179,"column":149}},"179":{"start":{"line":180,"column":0},"end":{"line":180,"column":37}},"180":{"start":{"line":181,"column":0},"end":{"line":181,"column":7}},"181":{"start":{"line":182,"column":0},"end":{"line":182,"column":110}},"182":{"start":{"line":183,"column":0},"end":{"line":183,"column":37}},"183":{"start":{"line":184,"column":0},"end":{"line":184,"column":7}},"184":{"start":{"line":185,"column":0},"end":{"line":185,"column":158}},"185":{"start":{"line":186,"column":0},"end":{"line":186,"column":38}},"186":{"start":{"line":187,"column":0},"end":{"line":187,"column":7}},"187":{"start":{"line":188,"column":0},"end":{"line":188,"column":76}},"188":{"start":{"line":189,"column":0},"end":{"line":189,"column":39}},"189":{"start":{"line":190,"column":0},"end":{"line":190,"column":7}},"190":{"start":{"line":191,"column":0},"end":{"line":191,"column":0}},"191":{"start":{"line":192,"column":0},"end":{"line":192,"column":62}},"192":{"start":{"line":193,"column":0},"end":{"line":193,"column":44}},"193":{"start":{"line":194,"column":0},"end":{"line":194,"column":36}},"194":{"start":{"line":195,"column":0},"end":{"line":195,"column":0}},"195":{"start":{"line":196,"column":0},"end":{"line":196,"column":24}},"196":{"start":{"line":197,"column":0},"end":{"line":197,"column":40}},"197":{"start":{"line":198,"column":0},"end":{"line":198,"column":121}},"198":{"start":{"line":199,"column":0},"end":{"line":199,"column":25}},"199":{"start":{"line":200,"column":0},"end":{"line":200,"column":9}},"200":{"start":{"line":201,"column":0},"end":{"line":201,"column":0}},"201":{"start":{"line":202,"column":0},"end":{"line":202,"column":36}},"202":{"start":{"line":203,"column":0},"end":{"line":203,"column":38}},"203":{"start":{"line":204,"column":0},"end":{"line":204,"column":12}},"204":{"start":{"line":205,"column":0},"end":{"line":205,"column":130}},"205":{"start":{"line":206,"column":0},"end":{"line":206,"column":53}},"206":{"start":{"line":207,"column":0},"end":{"line":207,"column":11}},"207":{"start":{"line":208,"column":0},"end":{"line":208,"column":32}},"208":{"start":{"line":209,"column":0},"end":{"line":209,"column":45}},"209":{"start":{"line":210,"column":0},"end":{"line":210,"column":33}},"210":{"start":{"line":211,"column":0},"end":{"line":211,"column":90}},"211":{"start":{"line":212,"column":0},"end":{"line":212,"column":26}},"212":{"start":{"line":213,"column":0},"end":{"line":213,"column":49}},"213":{"start":{"line":214,"column":0},"end":{"line":214,"column":31}},"214":{"start":{"line":215,"column":0},"end":{"line":215,"column":13}},"215":{"start":{"line":216,"column":0},"end":{"line":216,"column":9}},"216":{"start":{"line":217,"column":0},"end":{"line":217,"column":0}},"217":{"start":{"line":218,"column":0},"end":{"line":218,"column":81}},"218":{"start":{"line":219,"column":0},"end":{"line":219,"column":12}},"219":{"start":{"line":220,"column":0},"end":{"line":220,"column":67}},"220":{"start":{"line":221,"column":0},"end":{"line":221,"column":49}},"221":{"start":{"line":222,"column":0},"end":{"line":222,"column":47}},"222":{"start":{"line":223,"column":0},"end":{"line":223,"column":11}},"223":{"start":{"line":224,"column":0},"end":{"line":224,"column":32}},"224":{"start":{"line":225,"column":0},"end":{"line":225,"column":39}},"225":{"start":{"line":226,"column":0},"end":{"line":226,"column":29}},"226":{"start":{"line":227,"column":0},"end":{"line":227,"column":117}},"227":{"start":{"line":228,"column":0},"end":{"line":228,"column":26}},"228":{"start":{"line":229,"column":0},"end":{"line":229,"column":35}},"229":{"start":{"line":230,"column":0},"end":{"line":230,"column":31}},"230":{"start":{"line":231,"column":0},"end":{"line":231,"column":13}},"231":{"start":{"line":232,"column":0},"end":{"line":232,"column":9}},"232":{"start":{"line":233,"column":0},"end":{"line":233,"column":0}},"233":{"start":{"line":234,"column":0},"end":{"line":234,"column":34}},"234":{"start":{"line":235,"column":0},"end":{"line":235,"column":55}},"235":{"start":{"line":236,"column":0},"end":{"line":236,"column":32}},"236":{"start":{"line":237,"column":0},"end":{"line":237,"column":47}},"237":{"start":{"line":238,"column":0},"end":{"line":238,"column":29}},"238":{"start":{"line":239,"column":0},"end":{"line":239,"column":147}},"239":{"start":{"line":240,"column":0},"end":{"line":240,"column":26}},"240":{"start":{"line":241,"column":0},"end":{"line":241,"column":35}},"241":{"start":{"line":242,"column":0},"end":{"line":242,"column":31}},"242":{"start":{"line":243,"column":0},"end":{"line":243,"column":13}},"243":{"start":{"line":244,"column":0},"end":{"line":244,"column":9}},"244":{"start":{"line":245,"column":0},"end":{"line":245,"column":0}},"245":{"start":{"line":246,"column":0},"end":{"line":246,"column":32}},"246":{"start":{"line":247,"column":0},"end":{"line":247,"column":28}},"247":{"start":{"line":248,"column":0},"end":{"line":248,"column":46}},"248":{"start":{"line":249,"column":0},"end":{"line":249,"column":21}},"249":{"start":{"line":250,"column":0},"end":{"line":250,"column":38}},"250":{"start":{"line":251,"column":0},"end":{"line":251,"column":31}},"251":{"start":{"line":252,"column":0},"end":{"line":252,"column":26}},"252":{"start":{"line":253,"column":0},"end":{"line":253,"column":95}},"253":{"start":{"line":254,"column":0},"end":{"line":254,"column":33}},"254":{"start":{"line":255,"column":0},"end":{"line":255,"column":88}},"255":{"start":{"line":256,"column":0},"end":{"line":256,"column":31}},"256":{"start":{"line":257,"column":0},"end":{"line":257,"column":13}},"257":{"start":{"line":258,"column":0},"end":{"line":258,"column":9}},"258":{"start":{"line":259,"column":0},"end":{"line":259,"column":0}},"259":{"start":{"line":260,"column":0},"end":{"line":260,"column":35}},"260":{"start":{"line":261,"column":0},"end":{"line":261,"column":84}},"261":{"start":{"line":262,"column":0},"end":{"line":262,"column":21}},"262":{"start":{"line":263,"column":0},"end":{"line":263,"column":42}},"263":{"start":{"line":264,"column":0},"end":{"line":264,"column":28}},"264":{"start":{"line":265,"column":0},"end":{"line":265,"column":26}},"265":{"start":{"line":266,"column":0},"end":{"line":266,"column":109}},"266":{"start":{"line":267,"column":0},"end":{"line":267,"column":33}},"267":{"start":{"line":268,"column":0},"end":{"line":268,"column":74}},"268":{"start":{"line":269,"column":0},"end":{"line":269,"column":31}},"269":{"start":{"line":270,"column":0},"end":{"line":270,"column":13}},"270":{"start":{"line":271,"column":0},"end":{"line":271,"column":9}},"271":{"start":{"line":272,"column":0},"end":{"line":272,"column":0}},"272":{"start":{"line":273,"column":0},"end":{"line":273,"column":33}},"273":{"start":{"line":274,"column":0},"end":{"line":274,"column":53}},"274":{"start":{"line":275,"column":0},"end":{"line":275,"column":21}},"275":{"start":{"line":276,"column":0},"end":{"line":276,"column":48}},"276":{"start":{"line":277,"column":0},"end":{"line":277,"column":28}},"277":{"start":{"line":278,"column":0},"end":{"line":278,"column":26}},"278":{"start":{"line":279,"column":0},"end":{"line":279,"column":94}},"279":{"start":{"line":280,"column":0},"end":{"line":280,"column":33}},"280":{"start":{"line":281,"column":0},"end":{"line":281,"column":79}},"281":{"start":{"line":282,"column":0},"end":{"line":282,"column":31}},"282":{"start":{"line":283,"column":0},"end":{"line":283,"column":13}},"283":{"start":{"line":284,"column":0},"end":{"line":284,"column":9}},"284":{"start":{"line":285,"column":0},"end":{"line":285,"column":9}},"285":{"start":{"line":286,"column":0},"end":{"line":286,"column":0}},"286":{"start":{"line":287,"column":0},"end":{"line":287,"column":31}},"287":{"start":{"line":288,"column":0},"end":{"line":288,"column":31}},"288":{"start":{"line":289,"column":0},"end":{"line":289,"column":19}},"289":{"start":{"line":290,"column":0},"end":{"line":290,"column":36}},"290":{"start":{"line":291,"column":0},"end":{"line":291,"column":29}},"291":{"start":{"line":292,"column":0},"end":{"line":292,"column":18}},"292":{"start":{"line":293,"column":0},"end":{"line":293,"column":146}},"293":{"start":{"line":294,"column":0},"end":{"line":294,"column":63}},"294":{"start":{"line":295,"column":0},"end":{"line":295,"column":98}},"295":{"start":{"line":296,"column":0},"end":{"line":296,"column":29}},"296":{"start":{"line":297,"column":0},"end":{"line":297,"column":11}},"297":{"start":{"line":298,"column":0},"end":{"line":298,"column":7}},"298":{"start":{"line":299,"column":0},"end":{"line":299,"column":5}},"299":{"start":{"line":300,"column":0},"end":{"line":300,"column":3}},"300":{"start":{"line":301,"column":0},"end":{"line":301,"column":0}},"301":{"start":{"line":302,"column":0},"end":{"line":302,"column":40}},"302":{"start":{"line":303,"column":0},"end":{"line":303,"column":98}},"303":{"start":{"line":304,"column":0},"end":{"line":304,"column":29}},"304":{"start":{"line":305,"column":0},"end":{"line":305,"column":39}},"305":{"start":{"line":306,"column":0},"end":{"line":306,"column":27}},"306":{"start":{"line":307,"column":0},"end":{"line":307,"column":29}},"307":{"start":{"line":308,"column":0},"end":{"line":308,"column":0}},"308":{"start":{"line":309,"column":0},"end":{"line":309,"column":44}},"309":{"start":{"line":310,"column":0},"end":{"line":310,"column":28}},"310":{"start":{"line":311,"column":0},"end":{"line":311,"column":26}},"311":{"start":{"line":312,"column":0},"end":{"line":312,"column":78}},"312":{"start":{"line":313,"column":0},"end":{"line":313,"column":0}},"313":{"start":{"line":314,"column":0},"end":{"line":314,"column":35}},"314":{"start":{"line":315,"column":0},"end":{"line":315,"column":22}},"315":{"start":{"line":316,"column":0},"end":{"line":316,"column":50}},"316":{"start":{"line":317,"column":0},"end":{"line":317,"column":31}},"317":{"start":{"line":318,"column":0},"end":{"line":318,"column":21}},"318":{"start":{"line":319,"column":0},"end":{"line":319,"column":32}},"319":{"start":{"line":320,"column":0},"end":{"line":320,"column":23}},"320":{"start":{"line":321,"column":0},"end":{"line":321,"column":26}},"321":{"start":{"line":322,"column":0},"end":{"line":322,"column":61}},"322":{"start":{"line":323,"column":0},"end":{"line":323,"column":11}},"323":{"start":{"line":324,"column":0},"end":{"line":324,"column":14}},"324":{"start":{"line":325,"column":0},"end":{"line":325,"column":27}},"325":{"start":{"line":326,"column":0},"end":{"line":326,"column":50}},"326":{"start":{"line":327,"column":0},"end":{"line":327,"column":92}},"327":{"start":{"line":328,"column":0},"end":{"line":328,"column":23}},"328":{"start":{"line":329,"column":0},"end":{"line":329,"column":21}},"329":{"start":{"line":330,"column":0},"end":{"line":330,"column":23}},"330":{"start":{"line":331,"column":0},"end":{"line":331,"column":34}},"331":{"start":{"line":332,"column":0},"end":{"line":332,"column":30}},"332":{"start":{"line":333,"column":0},"end":{"line":333,"column":20}},"333":{"start":{"line":334,"column":0},"end":{"line":334,"column":24}},"334":{"start":{"line":335,"column":0},"end":{"line":335,"column":12}},"335":{"start":{"line":336,"column":0},"end":{"line":336,"column":41}},"336":{"start":{"line":337,"column":0},"end":{"line":337,"column":9}},"337":{"start":{"line":338,"column":0},"end":{"line":338,"column":26}},"338":{"start":{"line":339,"column":0},"end":{"line":339,"column":7}},"339":{"start":{"line":340,"column":0},"end":{"line":340,"column":5}},"340":{"start":{"line":341,"column":0},"end":{"line":341,"column":3}},"341":{"start":{"line":342,"column":0},"end":{"line":342,"column":0}},"342":{"start":{"line":343,"column":0},"end":{"line":343,"column":38}},"343":{"start":{"line":344,"column":0},"end":{"line":344,"column":55}},"344":{"start":{"line":345,"column":0},"end":{"line":345,"column":47}},"345":{"start":{"line":346,"column":0},"end":{"line":346,"column":18}},"346":{"start":{"line":347,"column":0},"end":{"line":347,"column":24}},"347":{"start":{"line":348,"column":0},"end":{"line":348,"column":42}},"348":{"start":{"line":349,"column":0},"end":{"line":349,"column":43}},"349":{"start":{"line":350,"column":0},"end":{"line":350,"column":7}},"350":{"start":{"line":351,"column":0},"end":{"line":351,"column":5}},"351":{"start":{"line":352,"column":0},"end":{"line":352,"column":22}},"352":{"start":{"line":353,"column":0},"end":{"line":353,"column":17}},"353":{"start":{"line":354,"column":0},"end":{"line":354,"column":3}},"354":{"start":{"line":355,"column":0},"end":{"line":355,"column":31}},"355":{"start":{"line":356,"column":0},"end":{"line":356,"column":0}},"356":{"start":{"line":357,"column":0},"end":{"line":357,"column":26}},"357":{"start":{"line":358,"column":0},"end":{"line":358,"column":34}},"358":{"start":{"line":359,"column":0},"end":{"line":359,"column":75}},"359":{"start":{"line":360,"column":0},"end":{"line":360,"column":0}},"360":{"start":{"line":361,"column":0},"end":{"line":361,"column":76}},"361":{"start":{"line":362,"column":0},"end":{"line":362,"column":226}},"362":{"start":{"line":363,"column":0},"end":{"line":363,"column":61}},"363":{"start":{"line":364,"column":0},"end":{"line":364,"column":0}},"364":{"start":{"line":365,"column":0},"end":{"line":365,"column":61}},"365":{"start":{"line":366,"column":0},"end":{"line":366,"column":73}},"366":{"start":{"line":367,"column":0},"end":{"line":367,"column":51}},"367":{"start":{"line":368,"column":0},"end":{"line":368,"column":0}},"368":{"start":{"line":369,"column":0},"end":{"line":369,"column":86}},"369":{"start":{"line":370,"column":0},"end":{"line":370,"column":99}},"370":{"start":{"line":371,"column":0},"end":{"line":371,"column":75}},"371":{"start":{"line":372,"column":0},"end":{"line":372,"column":0}},"372":{"start":{"line":373,"column":0},"end":{"line":373,"column":64}},"373":{"start":{"line":374,"column":0},"end":{"line":374,"column":99}},"374":{"start":{"line":375,"column":0},"end":{"line":375,"column":53}},"375":{"start":{"line":376,"column":0},"end":{"line":376,"column":0}},"376":{"start":{"line":377,"column":0},"end":{"line":377,"column":79}},"377":{"start":{"line":378,"column":0},"end":{"line":378,"column":139}},"378":{"start":{"line":379,"column":0},"end":{"line":379,"column":67}},"379":{"start":{"line":380,"column":0},"end":{"line":380,"column":0}},"380":{"start":{"line":381,"column":0},"end":{"line":381,"column":120}},"381":{"start":{"line":382,"column":0},"end":{"line":382,"column":0}},"382":{"start":{"line":383,"column":0},"end":{"line":383,"column":35}},"383":{"start":{"line":384,"column":0},"end":{"line":384,"column":40}},"384":{"start":{"line":385,"column":0},"end":{"line":385,"column":40}},"385":{"start":{"line":386,"column":0},"end":{"line":386,"column":40}},"386":{"start":{"line":387,"column":0},"end":{"line":387,"column":54}},"387":{"start":{"line":388,"column":0},"end":{"line":388,"column":46}},"388":{"start":{"line":389,"column":0},"end":{"line":389,"column":25}},"389":{"start":{"line":390,"column":0},"end":{"line":390,"column":4}},"390":{"start":{"line":391,"column":0},"end":{"line":391,"column":0}},"391":{"start":{"line":392,"column":0},"end":{"line":392,"column":45}},"392":{"start":{"line":393,"column":0},"end":{"line":393,"column":32}},"393":{"start":{"line":394,"column":0},"end":{"line":394,"column":35}},"394":{"start":{"line":395,"column":0},"end":{"line":395,"column":3}},"395":{"start":{"line":396,"column":0},"end":{"line":396,"column":49}},"396":{"start":{"line":397,"column":0},"end":{"line":397,"column":51}},"397":{"start":{"line":398,"column":0},"end":{"line":398,"column":93}},"398":{"start":{"line":399,"column":0},"end":{"line":399,"column":0}},"399":{"start":{"line":400,"column":0},"end":{"line":400,"column":46}},"400":{"start":{"line":401,"column":0},"end":{"line":401,"column":37}},"401":{"start":{"line":402,"column":0},"end":{"line":402,"column":93}},"402":{"start":{"line":403,"column":0},"end":{"line":403,"column":4}},"403":{"start":{"line":404,"column":0},"end":{"line":404,"column":39}},"404":{"start":{"line":405,"column":0},"end":{"line":405,"column":0}},"405":{"start":{"line":406,"column":0},"end":{"line":406,"column":19}},"406":{"start":{"line":407,"column":0},"end":{"line":407,"column":33}},"407":{"start":{"line":408,"column":0},"end":{"line":408,"column":129}},"408":{"start":{"line":409,"column":0},"end":{"line":409,"column":52}},"409":{"start":{"line":410,"column":0},"end":{"line":410,"column":3}},"410":{"start":{"line":411,"column":0},"end":{"line":411,"column":0}},"411":{"start":{"line":412,"column":0},"end":{"line":412,"column":17}},"412":{"start":{"line":413,"column":0},"end":{"line":413,"column":110}},"413":{"start":{"line":414,"column":0},"end":{"line":414,"column":76}},"414":{"start":{"line":415,"column":0},"end":{"line":415,"column":0}},"415":{"start":{"line":416,"column":0},"end":{"line":416,"column":32}},"416":{"start":{"line":417,"column":0},"end":{"line":417,"column":33}},"417":{"start":{"line":418,"column":0},"end":{"line":418,"column":113}},"418":{"start":{"line":419,"column":0},"end":{"line":419,"column":56}},"419":{"start":{"line":420,"column":0},"end":{"line":420,"column":3}},"420":{"start":{"line":421,"column":0},"end":{"line":421,"column":0}},"421":{"start":{"line":422,"column":0},"end":{"line":422,"column":21}},"422":{"start":{"line":423,"column":0},"end":{"line":423,"column":35}},"423":{"start":{"line":424,"column":0},"end":{"line":424,"column":125}},"424":{"start":{"line":425,"column":0},"end":{"line":425,"column":35}},"425":{"start":{"line":426,"column":0},"end":{"line":426,"column":56}},"426":{"start":{"line":427,"column":0},"end":{"line":427,"column":12}},"427":{"start":{"line":428,"column":0},"end":{"line":428,"column":57}},"428":{"start":{"line":429,"column":0},"end":{"line":429,"column":5}},"429":{"start":{"line":430,"column":0},"end":{"line":430,"column":3}},"430":{"start":{"line":431,"column":0},"end":{"line":431,"column":0}},"431":{"start":{"line":432,"column":0},"end":{"line":432,"column":14}},"432":{"start":{"line":433,"column":0},"end":{"line":433,"column":34}},"433":{"start":{"line":434,"column":0},"end":{"line":434,"column":118}},"434":{"start":{"line":435,"column":0},"end":{"line":435,"column":37}},"435":{"start":{"line":436,"column":0},"end":{"line":436,"column":57}},"436":{"start":{"line":437,"column":0},"end":{"line":437,"column":12}},"437":{"start":{"line":438,"column":0},"end":{"line":438,"column":59}},"438":{"start":{"line":439,"column":0},"end":{"line":439,"column":5}},"439":{"start":{"line":440,"column":0},"end":{"line":440,"column":10}},"440":{"start":{"line":441,"column":0},"end":{"line":441,"column":22}},"441":{"start":{"line":442,"column":0},"end":{"line":442,"column":111}},"442":{"start":{"line":443,"column":0},"end":{"line":443,"column":56}},"443":{"start":{"line":444,"column":0},"end":{"line":444,"column":3}},"444":{"start":{"line":445,"column":0},"end":{"line":445,"column":0}},"445":{"start":{"line":446,"column":0},"end":{"line":446,"column":29}},"446":{"start":{"line":447,"column":0},"end":{"line":447,"column":38}},"447":{"start":{"line":448,"column":0},"end":{"line":448,"column":69}},"448":{"start":{"line":449,"column":0},"end":{"line":449,"column":80}},"449":{"start":{"line":450,"column":0},"end":{"line":450,"column":76}},"450":{"start":{"line":451,"column":0},"end":{"line":451,"column":91}},"451":{"start":{"line":452,"column":0},"end":{"line":452,"column":12}},"452":{"start":{"line":453,"column":0},"end":{"line":453,"column":19}},"453":{"start":{"line":454,"column":0},"end":{"line":454,"column":11}},"454":{"start":{"line":455,"column":0},"end":{"line":455,"column":17}},"455":{"start":{"line":456,"column":0},"end":{"line":456,"column":15}},"456":{"start":{"line":457,"column":0},"end":{"line":457,"column":21}},"457":{"start":{"line":458,"column":0},"end":{"line":458,"column":6}},"458":{"start":{"line":459,"column":0},"end":{"line":459,"column":5}},"459":{"start":{"line":460,"column":0},"end":{"line":460,"column":0}},"460":{"start":{"line":461,"column":0},"end":{"line":461,"column":40}},"461":{"start":{"line":462,"column":0},"end":{"line":462,"column":16}},"462":{"start":{"line":463,"column":0},"end":{"line":463,"column":126}},"463":{"start":{"line":464,"column":0},"end":{"line":464,"column":95}},"464":{"start":{"line":465,"column":0},"end":{"line":465,"column":90}},"465":{"start":{"line":466,"column":0},"end":{"line":466,"column":4}},"466":{"start":{"line":467,"column":0},"end":{"line":467,"column":87}},"467":{"start":{"line":468,"column":0},"end":{"line":468,"column":170}},"468":{"start":{"line":469,"column":0},"end":{"line":469,"column":3}},"469":{"start":{"line":470,"column":0},"end":{"line":470,"column":78}},"470":{"start":{"line":471,"column":0},"end":{"line":471,"column":158}},"471":{"start":{"line":472,"column":0},"end":{"line":472,"column":3}},"472":{"start":{"line":473,"column":0},"end":{"line":473,"column":0}},"473":{"start":{"line":474,"column":0},"end":{"line":474,"column":31}},"474":{"start":{"line":475,"column":0},"end":{"line":475,"column":24}},"475":{"start":{"line":476,"column":0},"end":{"line":476,"column":147}},"476":{"start":{"line":477,"column":0},"end":{"line":477,"column":4}},"477":{"start":{"line":478,"column":0},"end":{"line":478,"column":24}},"478":{"start":{"line":479,"column":0},"end":{"line":479,"column":169}},"479":{"start":{"line":480,"column":0},"end":{"line":480,"column":3}},"480":{"start":{"line":481,"column":0},"end":{"line":481,"column":35}},"481":{"start":{"line":482,"column":0},"end":{"line":482,"column":197}},"482":{"start":{"line":483,"column":0},"end":{"line":483,"column":3}},"483":{"start":{"line":484,"column":0},"end":{"line":484,"column":21}},"484":{"start":{"line":485,"column":0},"end":{"line":485,"column":180}},"485":{"start":{"line":486,"column":0},"end":{"line":486,"column":3}},"486":{"start":{"line":487,"column":0},"end":{"line":487,"column":162}},"487":{"start":{"line":488,"column":0},"end":{"line":488,"column":0}},"488":{"start":{"line":489,"column":0},"end":{"line":489,"column":28}},"489":{"start":{"line":490,"column":0},"end":{"line":490,"column":23}},"490":{"start":{"line":491,"column":0},"end":{"line":491,"column":192}},"491":{"start":{"line":492,"column":0},"end":{"line":492,"column":87}},"492":{"start":{"line":493,"column":0},"end":{"line":493,"column":129}},"493":{"start":{"line":494,"column":0},"end":{"line":494,"column":32}},"494":{"start":{"line":495,"column":0},"end":{"line":495,"column":16}},"495":{"start":{"line":496,"column":0},"end":{"line":496,"column":74}},"496":{"start":{"line":497,"column":0},"end":{"line":497,"column":63}},"497":{"start":{"line":498,"column":0},"end":{"line":498,"column":72}},"498":{"start":{"line":499,"column":0},"end":{"line":499,"column":6}},"499":{"start":{"line":500,"column":0},"end":{"line":500,"column":12}},"500":{"start":{"line":501,"column":0},"end":{"line":501,"column":147}},"501":{"start":{"line":502,"column":0},"end":{"line":502,"column":140}},"502":{"start":{"line":503,"column":0},"end":{"line":503,"column":5}},"503":{"start":{"line":504,"column":0},"end":{"line":504,"column":4}},"504":{"start":{"line":505,"column":0},"end":{"line":505,"column":0}},"505":{"start":{"line":506,"column":0},"end":{"line":506,"column":19}},"506":{"start":{"line":507,"column":0},"end":{"line":507,"column":22}},"507":{"start":{"line":508,"column":0},"end":{"line":508,"column":85}},"508":{"start":{"line":509,"column":0},"end":{"line":509,"column":71}},"509":{"start":{"line":510,"column":0},"end":{"line":510,"column":138}},"510":{"start":{"line":511,"column":0},"end":{"line":511,"column":168}},"511":{"start":{"line":512,"column":0},"end":{"line":512,"column":4}},"512":{"start":{"line":513,"column":0},"end":{"line":513,"column":0}},"513":{"start":{"line":514,"column":0},"end":{"line":514,"column":27}},"514":{"start":{"line":515,"column":0},"end":{"line":515,"column":30}},"515":{"start":{"line":516,"column":0},"end":{"line":516,"column":5}},"516":{"start":{"line":517,"column":0},"end":{"line":517,"column":91}},"517":{"start":{"line":518,"column":0},"end":{"line":518,"column":240}},"518":{"start":{"line":519,"column":0},"end":{"line":519,"column":30}},"519":{"start":{"line":520,"column":0},"end":{"line":520,"column":6}},"520":{"start":{"line":521,"column":0},"end":{"line":521,"column":5}},"521":{"start":{"line":522,"column":0},"end":{"line":522,"column":105}},"522":{"start":{"line":523,"column":0},"end":{"line":523,"column":184}},"523":{"start":{"line":524,"column":0},"end":{"line":524,"column":26}},"524":{"start":{"line":525,"column":0},"end":{"line":525,"column":6}},"525":{"start":{"line":526,"column":0},"end":{"line":526,"column":5}},"526":{"start":{"line":527,"column":0},"end":{"line":527,"column":103}},"527":{"start":{"line":528,"column":0},"end":{"line":528,"column":182}},"528":{"start":{"line":529,"column":0},"end":{"line":529,"column":31}},"529":{"start":{"line":530,"column":0},"end":{"line":530,"column":5}},"530":{"start":{"line":531,"column":0},"end":{"line":531,"column":4}},"531":{"start":{"line":532,"column":0},"end":{"line":532,"column":0}},"532":{"start":{"line":533,"column":0},"end":{"line":533,"column":23}},"533":{"start":{"line":534,"column":0},"end":{"line":534,"column":25}},"534":{"start":{"line":535,"column":0},"end":{"line":535,"column":13}},"535":{"start":{"line":536,"column":0},"end":{"line":536,"column":181}},"536":{"start":{"line":537,"column":0},"end":{"line":537,"column":133}},"537":{"start":{"line":538,"column":0},"end":{"line":538,"column":153}},"538":{"start":{"line":539,"column":0},"end":{"line":539,"column":6}},"539":{"start":{"line":540,"column":0},"end":{"line":540,"column":144}},"540":{"start":{"line":541,"column":0},"end":{"line":541,"column":20}},"541":{"start":{"line":542,"column":0},"end":{"line":542,"column":83}},"542":{"start":{"line":543,"column":0},"end":{"line":543,"column":77}},"543":{"start":{"line":544,"column":0},"end":{"line":544,"column":72}},"544":{"start":{"line":545,"column":0},"end":{"line":545,"column":5}},"545":{"start":{"line":546,"column":0},"end":{"line":546,"column":4}},"546":{"start":{"line":547,"column":0},"end":{"line":547,"column":0}},"547":{"start":{"line":548,"column":0},"end":{"line":548,"column":28}},"548":{"start":{"line":549,"column":0},"end":{"line":549,"column":142}},"549":{"start":{"line":550,"column":0},"end":{"line":550,"column":165}},"550":{"start":{"line":551,"column":0},"end":{"line":551,"column":2}},"551":{"start":{"line":552,"column":0},"end":{"line":552,"column":29}},"552":{"start":{"line":553,"column":0},"end":{"line":553,"column":30}},"553":{"start":{"line":554,"column":0},"end":{"line":554,"column":36}},"554":{"start":{"line":555,"column":0},"end":{"line":555,"column":12}},"555":{"start":{"line":556,"column":0},"end":{"line":556,"column":27}},"556":{"start":{"line":557,"column":0},"end":{"line":557,"column":15}},"557":{"start":{"line":558,"column":0},"end":{"line":558,"column":37}},"558":{"start":{"line":559,"column":0},"end":{"line":559,"column":46}},"559":{"start":{"line":560,"column":0},"end":{"line":560,"column":35}},"560":{"start":{"line":561,"column":0},"end":{"line":561,"column":41}},"561":{"start":{"line":562,"column":0},"end":{"line":562,"column":38}},"562":{"start":{"line":563,"column":0},"end":{"line":563,"column":45}},"563":{"start":{"line":564,"column":0},"end":{"line":564,"column":49}},"564":{"start":{"line":565,"column":0},"end":{"line":565,"column":85}},"565":{"start":{"line":566,"column":0},"end":{"line":566,"column":78}},"566":{"start":{"line":567,"column":0},"end":{"line":567,"column":26}},"567":{"start":{"line":568,"column":0},"end":{"line":568,"column":32}},"568":{"start":{"line":569,"column":0},"end":{"line":569,"column":88}},"569":{"start":{"line":570,"column":0},"end":{"line":570,"column":8}},"570":{"start":{"line":571,"column":0},"end":{"line":571,"column":129}},"571":{"start":{"line":572,"column":0},"end":{"line":572,"column":166}},"572":{"start":{"line":573,"column":0},"end":{"line":573,"column":6}},"573":{"start":{"line":574,"column":0},"end":{"line":574,"column":16}},"574":{"start":{"line":575,"column":0},"end":{"line":575,"column":58}},"575":{"start":{"line":576,"column":0},"end":{"line":576,"column":105}},"576":{"start":{"line":577,"column":0},"end":{"line":577,"column":18}},"577":{"start":{"line":578,"column":0},"end":{"line":578,"column":60}},"578":{"start":{"line":579,"column":0},"end":{"line":579,"column":57}},"579":{"start":{"line":580,"column":0},"end":{"line":580,"column":46}},"580":{"start":{"line":581,"column":0},"end":{"line":581,"column":8}},"581":{"start":{"line":582,"column":0},"end":{"line":582,"column":19}},"582":{"start":{"line":583,"column":0},"end":{"line":583,"column":142}},"583":{"start":{"line":584,"column":0},"end":{"line":584,"column":139}},"584":{"start":{"line":585,"column":0},"end":{"line":585,"column":8}},"585":{"start":{"line":586,"column":0},"end":{"line":586,"column":87}},"586":{"start":{"line":587,"column":0},"end":{"line":587,"column":145}},"587":{"start":{"line":588,"column":0},"end":{"line":588,"column":100}},"588":{"start":{"line":589,"column":0},"end":{"line":589,"column":134}},"589":{"start":{"line":590,"column":0},"end":{"line":590,"column":127}},"590":{"start":{"line":591,"column":0},"end":{"line":591,"column":89}},"591":{"start":{"line":592,"column":0},"end":{"line":592,"column":97}},"592":{"start":{"line":593,"column":0},"end":{"line":593,"column":98}},"593":{"start":{"line":594,"column":0},"end":{"line":594,"column":145}},"594":{"start":{"line":595,"column":0},"end":{"line":595,"column":6}},"595":{"start":{"line":596,"column":0},"end":{"line":596,"column":23}},"596":{"start":{"line":597,"column":0},"end":{"line":597,"column":60}},"597":{"start":{"line":598,"column":0},"end":{"line":598,"column":83}},"598":{"start":{"line":599,"column":0},"end":{"line":599,"column":89}},"599":{"start":{"line":600,"column":0},"end":{"line":600,"column":100}},"600":{"start":{"line":601,"column":0},"end":{"line":601,"column":96}},"601":{"start":{"line":602,"column":0},"end":{"line":602,"column":115}},"602":{"start":{"line":603,"column":0},"end":{"line":603,"column":132}},"603":{"start":{"line":604,"column":0},"end":{"line":604,"column":16}},"604":{"start":{"line":605,"column":0},"end":{"line":605,"column":67}},"605":{"start":{"line":606,"column":0},"end":{"line":606,"column":75}},"606":{"start":{"line":607,"column":0},"end":{"line":607,"column":85}},"607":{"start":{"line":608,"column":0},"end":{"line":608,"column":7}},"608":{"start":{"line":609,"column":0},"end":{"line":609,"column":6}},"609":{"start":{"line":610,"column":0},"end":{"line":610,"column":26}},"610":{"start":{"line":611,"column":0},"end":{"line":611,"column":20}},"611":{"start":{"line":612,"column":0},"end":{"line":612,"column":35}},"612":{"start":{"line":613,"column":0},"end":{"line":613,"column":46}},"613":{"start":{"line":614,"column":0},"end":{"line":614,"column":41}},"614":{"start":{"line":615,"column":0},"end":{"line":615,"column":45}},"615":{"start":{"line":616,"column":0},"end":{"line":616,"column":38}},"616":{"start":{"line":617,"column":0},"end":{"line":617,"column":31}},"617":{"start":{"line":618,"column":0},"end":{"line":618,"column":7}},"618":{"start":{"line":619,"column":0},"end":{"line":619,"column":6}},"619":{"start":{"line":620,"column":0},"end":{"line":620,"column":23}},"620":{"start":{"line":621,"column":0},"end":{"line":621,"column":110}},"621":{"start":{"line":622,"column":0},"end":{"line":622,"column":142}},"622":{"start":{"line":623,"column":0},"end":{"line":623,"column":143}},"623":{"start":{"line":624,"column":0},"end":{"line":624,"column":166}},"624":{"start":{"line":625,"column":0},"end":{"line":625,"column":168}},"625":{"start":{"line":626,"column":0},"end":{"line":626,"column":6}},"626":{"start":{"line":627,"column":0},"end":{"line":627,"column":16}},"627":{"start":{"line":628,"column":0},"end":{"line":628,"column":60}},"628":{"start":{"line":629,"column":0},"end":{"line":629,"column":19}},"629":{"start":{"line":630,"column":0},"end":{"line":630,"column":51}},"630":{"start":{"line":631,"column":0},"end":{"line":631,"column":10}},"631":{"start":{"line":632,"column":0},"end":{"line":632,"column":23}},"632":{"start":{"line":633,"column":0},"end":{"line":633,"column":21}},"633":{"start":{"line":634,"column":0},"end":{"line":634,"column":51}},"634":{"start":{"line":635,"column":0},"end":{"line":635,"column":8}},"635":{"start":{"line":636,"column":0},"end":{"line":636,"column":70}},"636":{"start":{"line":637,"column":0},"end":{"line":637,"column":121}},"637":{"start":{"line":638,"column":0},"end":{"line":638,"column":85}},"638":{"start":{"line":639,"column":0},"end":{"line":639,"column":62}},"639":{"start":{"line":640,"column":0},"end":{"line":640,"column":63}},"640":{"start":{"line":641,"column":0},"end":{"line":641,"column":62}},"641":{"start":{"line":642,"column":0},"end":{"line":642,"column":79}},"642":{"start":{"line":643,"column":0},"end":{"line":643,"column":5}},"643":{"start":{"line":644,"column":0},"end":{"line":644,"column":4}},"644":{"start":{"line":645,"column":0},"end":{"line":645,"column":0}},"645":{"start":{"line":646,"column":0},"end":{"line":646,"column":10}},"646":{"start":{"line":647,"column":0},"end":{"line":647,"column":29}},"647":{"start":{"line":648,"column":0},"end":{"line":648,"column":29}},"648":{"start":{"line":649,"column":0},"end":{"line":649,"column":31}},"649":{"start":{"line":650,"column":0},"end":{"line":650,"column":30}},"650":{"start":{"line":651,"column":0},"end":{"line":651,"column":12}},"651":{"start":{"line":652,"column":0},"end":{"line":652,"column":9}},"652":{"start":{"line":653,"column":0},"end":{"line":653,"column":20}},"653":{"start":{"line":654,"column":0},"end":{"line":654,"column":35}},"654":{"start":{"line":655,"column":0},"end":{"line":655,"column":50}},"655":{"start":{"line":656,"column":0},"end":{"line":656,"column":41}},"656":{"start":{"line":657,"column":0},"end":{"line":657,"column":41}},"657":{"start":{"line":658,"column":0},"end":{"line":658,"column":54}},"658":{"start":{"line":659,"column":0},"end":{"line":659,"column":46}},"659":{"start":{"line":660,"column":0},"end":{"line":660,"column":43}},"660":{"start":{"line":661,"column":0},"end":{"line":661,"column":44}},"661":{"start":{"line":662,"column":0},"end":{"line":662,"column":50}},"662":{"start":{"line":663,"column":0},"end":{"line":663,"column":4}},"663":{"start":{"line":664,"column":0},"end":{"line":664,"column":1}}},"s":{"0":1,"1":1,"2":1,"3":1,"4":1,"5":1,"6":1,"7":1,"8":1,"9":1,"10":1,"11":1,"12":1,"13":1,"14":1,"15":1,"16":1,"17":1,"18":1,"19":1,"20":1,"21":1,"22":1,"23":1,"24":1,"25":1,"26":1,"27":1,"28":1,"29":1,"30":1,"31":1,"32":1,"33":1,"34":1,"35":1,"36":1,"37":1,"38":1,"39":1,"40":1,"41":1,"42":1,"43":1,"44":1,"45":1,"46":1,"47":1,"48":1,"49":1,"50":1,"51":1,"52":1,"53":1,"54":1,"55":1,"56":1,"57":1,"58":1,"59":1,"60":1,"61":1,"62":1,"63":1,"64":1,"65":1,"66":1,"67":1,"68":1,"69":1,"70":1,"71":1,"72":1,"73":1,"74":1,"75":1,"76":40,"77":40,"78":40,"79":40,"80":40,"81":40,"82":40,"83":40,"84":40,"85":40,"86":40,"87":40,"88":40,"89":40,"90":40,"91":40,"92":40,"93":40,"94":40,"95":40,"96":40,"97":1,"98":1,"99":10,"100":10,"101":10,"102":10,"103":10,"104":10,"105":10,"106":10,"107":10,"108":10,"109":10,"110":10,"111":10,"112":10,"113":10,"114":10,"115":10,"116":10,"117":10,"118":10,"119":17,"120":17,"121":17,"122":17,"123":17,"124":17,"125":3,"126":3,"127":17,"128":17,"129":17,"130":0,"131":0,"132":17,"133":17,"134":17,"135":3,"136":3,"137":2,"138":2,"139":2,"140":3,"141":0,"142":0,"143":0,"144":3,"145":1,"146":1,"147":1,"148":3,"149":0,"150":0,"151":0,"152":3,"153":1,"154":1,"155":3,"156":0,"157":0,"158":17,"159":0,"160":0,"161":0,"162":0,"163":14,"164":0,"165":0,"166":14,"167":0,"168":14,"169":0,"170":0,"171":17,"172":17,"173":17,"174":17,"175":17,"176":17,"177":17,"178":17,"179":1,"180":1,"181":17,"182":0,"183":0,"184":17,"185":0,"186":0,"187":17,"188":0,"189":0,"190":17,"191":17,"192":17,"193":393,"194":393,"195":393,"196":393,"197":393,"198":3,"199":3,"200":393,"201":393,"202":393,"203":393,"204":393,"205":3,"206":393,"207":1,"208":1,"209":1,"210":1,"211":1,"212":1,"213":1,"214":1,"215":1,"216":393,"217":393,"218":393,"219":393,"220":1,"221":1,"222":393,"223":1,"224":1,"225":1,"226":1,"227":1,"228":1,"229":1,"230":1,"231":1,"232":393,"233":393,"234":393,"235":1,"236":1,"237":1,"238":1,"239":1,"240":1,"241":1,"242":1,"243":1,"244":393,"245":393,"246":393,"247":393,"248":2,"249":2,"250":2,"251":2,"252":2,"253":2,"254":2,"255":2,"256":2,"257":2,"258":393,"259":393,"260":393,"261":2,"262":2,"263":2,"264":2,"265":2,"266":2,"267":2,"268":2,"269":2,"270":2,"271":393,"272":393,"273":393,"274":1,"275":1,"276":1,"277":1,"278":1,"279":1,"280":1,"281":1,"282":1,"283":1,"284":17,"285":17,"286":17,"287":17,"288":1,"289":1,"290":1,"291":1,"292":1,"293":1,"294":1,"295":1,"296":1,"297":1,"298":17,"299":17,"300":10,"301":10,"302":10,"303":10,"304":17,"305":17,"306":17,"307":17,"308":17,"309":25,"310":25,"311":25,"312":25,"313":25,"314":17,"315":17,"316":17,"317":17,"318":17,"319":17,"320":17,"321":17,"322":17,"323":25,"324":8,"325":8,"326":8,"327":8,"328":8,"329":8,"330":8,"331":8,"332":8,"333":8,"334":8,"335":8,"336":8,"337":8,"338":8,"339":25,"340":25,"341":10,"342":10,"343":10,"344":35,"345":18,"346":18,"347":18,"348":25,"349":25,"350":18,"351":18,"352":18,"353":35,"354":10,"355":10,"356":10,"357":10,"358":10,"359":10,"360":10,"361":10,"362":10,"363":10,"364":10,"365":10,"366":10,"367":10,"368":10,"369":10,"370":10,"371":10,"372":10,"373":10,"374":10,"375":10,"376":10,"377":10,"378":10,"379":10,"380":10,"381":10,"382":10,"383":10,"384":10,"385":10,"386":10,"387":10,"388":10,"389":10,"390":10,"391":10,"392":10,"393":0,"394":0,"395":10,"396":10,"397":10,"398":10,"399":10,"400":10,"401":10,"402":10,"403":10,"404":10,"405":10,"406":10,"407":0,"408":0,"409":0,"410":10,"411":10,"412":10,"413":10,"414":10,"415":10,"416":10,"417":1,"418":1,"419":1,"420":10,"421":10,"422":10,"423":0,"424":0,"425":0,"426":0,"427":0,"428":0,"429":0,"430":10,"431":10,"432":10,"433":0,"434":0,"435":0,"436":0,"437":0,"438":0,"439":10,"440":10,"441":10,"442":10,"443":10,"444":10,"445":10,"446":10,"447":17,"448":17,"449":17,"450":17,"451":17,"452":17,"453":17,"454":17,"455":17,"456":17,"457":17,"458":10,"459":10,"460":10,"461":10,"462":10,"463":10,"464":10,"465":10,"466":10,"467":1,"468":1,"469":10,"470":1,"471":1,"472":10,"473":10,"474":10,"475":10,"476":10,"477":10,"478":4,"479":4,"480":10,"481":3,"482":3,"483":10,"484":3,"485":3,"486":10,"487":10,"488":10,"489":10,"490":10,"491":10,"492":10,"493":10,"494":10,"495":10,"496":10,"497":10,"498":10,"499":10,"500":10,"501":10,"502":10,"503":10,"504":10,"505":10,"506":10,"507":10,"508":10,"509":10,"510":10,"511":10,"512":10,"513":10,"514":10,"515":10,"516":10,"517":10,"518":10,"519":10,"520":10,"521":10,"522":10,"523":10,"524":10,"525":10,"526":10,"527":10,"528":10,"529":10,"530":10,"531":10,"532":10,"533":10,"534":10,"535":10,"536":10,"537":10,"538":10,"539":10,"540":10,"541":10,"542":10,"543":10,"544":10,"545":10,"546":10,"547":10,"548":10,"549":10,"550":10,"551":10,"552":10,"553":10,"554":10,"555":10,"556":10,"557":10,"558":10,"559":10,"560":10,"561":10,"562":10,"563":10,"564":10,"565":10,"566":10,"567":10,"568":10,"569":10,"570":10,"571":10,"572":10,"573":10,"574":10,"575":10,"576":10,"577":10,"578":10,"579":10,"580":10,"581":10,"582":10,"583":10,"584":10,"585":10,"586":10,"587":10,"588":10,"589":10,"590":10,"591":10,"592":10,"593":10,"594":10,"595":10,"596":10,"597":10,"598":10,"599":10,"600":10,"601":10,"602":10,"603":10,"604":10,"605":10,"606":10,"607":10,"608":10,"609":10,"610":10,"611":10,"612":10,"613":10,"614":10,"615":10,"616":10,"617":10,"618":10,"619":10,"620":10,"621":10,"622":10,"623":10,"624":10,"625":10,"626":10,"627":10,"628":16,"629":16,"630":10,"631":10,"632":10,"633":10,"634":10,"635":10,"636":10,"637":10,"638":10,"639":10,"640":10,"641":10,"642":10,"643":10,"644":10,"645":10,"646":10,"647":10,"648":10,"649":10,"650":10,"651":10,"652":10,"653":10,"654":10,"655":10,"656":10,"657":10,"658":10,"659":10,"660":10,"661":10,"662":10,"663":10},"branchMap":{"0":{"type":"branch","line":76,"loc":{"start":{"line":76,"column":7},"end":{"line":97,"column":1}},"locations":[{"start":{"line":76,"column":7},"end":{"line":97,"column":1}}]},"1":{"type":"branch","line":79,"loc":{"start":{"line":79,"column":4},"end":{"line":79,"column":36}},"locations":[{"start":{"line":79,"column":4},"end":{"line":79,"column":36}}]},"2":{"type":"branch","line":80,"loc":{"start":{"line":80,"column":4},"end":{"line":80,"column":43}},"locations":[{"start":{"line":80,"column":4},"end":{"line":80,"column":43}}]},"3":{"type":"branch","line":81,"loc":{"start":{"line":81,"column":4},"end":{"line":81,"column":36}},"locations":[{"start":{"line":81,"column":4},"end":{"line":81,"column":36}}]},"4":{"type":"branch","line":82,"loc":{"start":{"line":82,"column":4},"end":{"line":82,"column":43}},"locations":[{"start":{"line":82,"column":4},"end":{"line":82,"column":43}}]},"5":{"type":"branch","line":83,"loc":{"start":{"line":83,"column":4},"end":{"line":83,"column":32}},"locations":[{"start":{"line":83,"column":4},"end":{"line":83,"column":32}}]},"6":{"type":"branch","line":84,"loc":{"start":{"line":84,"column":4},"end":{"line":84,"column":32}},"locations":[{"start":{"line":84,"column":4},"end":{"line":84,"column":32}}]},"7":{"type":"branch","line":85,"loc":{"start":{"line":85,"column":4},"end":{"line":85,"column":28}},"locations":[{"start":{"line":85,"column":4},"end":{"line":85,"column":28}}]},"8":{"type":"branch","line":86,"loc":{"start":{"line":86,"column":4},"end":{"line":86,"column":30}},"locations":[{"start":{"line":86,"column":4},"end":{"line":86,"column":30}}]},"9":{"type":"branch","line":87,"loc":{"start":{"line":87,"column":4},"end":{"line":87,"column":16}},"locations":[{"start":{"line":87,"column":4},"end":{"line":87,"column":16}}]},"10":{"type":"branch","line":88,"loc":{"start":{"line":88,"column":4},"end":{"line":88,"column":29}},"locations":[{"start":{"line":88,"column":4},"end":{"line":88,"column":29}}]},"11":{"type":"branch","line":89,"loc":{"start":{"line":89,"column":4},"end":{"line":89,"column":26}},"locations":[{"start":{"line":89,"column":4},"end":{"line":89,"column":26}}]},"12":{"type":"branch","line":90,"loc":{"start":{"line":90,"column":4},"end":{"line":90,"column":32}},"locations":[{"start":{"line":90,"column":4},"end":{"line":90,"column":32}}]},"13":{"type":"branch","line":91,"loc":{"start":{"line":91,"column":4},"end":{"line":91,"column":30}},"locations":[{"start":{"line":91,"column":4},"end":{"line":91,"column":30}}]},"14":{"type":"branch","line":92,"loc":{"start":{"line":92,"column":4},"end":{"line":92,"column":32}},"locations":[{"start":{"line":92,"column":4},"end":{"line":92,"column":32}}]},"15":{"type":"branch","line":93,"loc":{"start":{"line":93,"column":4},"end":{"line":93,"column":38}},"locations":[{"start":{"line":93,"column":4},"end":{"line":93,"column":38}}]},"16":{"type":"branch","line":94,"loc":{"start":{"line":94,"column":4},"end":{"line":94,"column":34}},"locations":[{"start":{"line":94,"column":4},"end":{"line":94,"column":34}}]},"17":{"type":"branch","line":95,"loc":{"start":{"line":95,"column":4},"end":{"line":95,"column":25}},"locations":[{"start":{"line":95,"column":4},"end":{"line":95,"column":25}}]},"18":{"type":"branch","line":99,"loc":{"start":{"line":99,"column":7},"end":{"line":664,"column":1}},"locations":[{"start":{"line":99,"column":7},"end":{"line":664,"column":1}}]},"19":{"type":"branch","line":119,"loc":{"start":{"line":119,"column":28},"end":{"line":300,"column":3}},"locations":[{"start":{"line":119,"column":28},"end":{"line":300,"column":3}}]},"20":{"type":"branch","line":125,"loc":{"start":{"line":125,"column":48},"end":{"line":127,"column":5}},"locations":[{"start":{"line":125,"column":48},"end":{"line":127,"column":5}}]},"21":{"type":"branch","line":130,"loc":{"start":{"line":130,"column":133},"end":{"line":132,"column":5}},"locations":[{"start":{"line":130,"column":133},"end":{"line":132,"column":5}}]},"22":{"type":"branch","line":135,"loc":{"start":{"line":135,"column":37},"end":{"line":159,"column":15}},"locations":[{"start":{"line":135,"column":37},"end":{"line":159,"column":15}}]},"23":{"type":"branch","line":137,"loc":{"start":{"line":137,"column":44},"end":{"line":140,"column":7}},"locations":[{"start":{"line":137,"column":44},"end":{"line":140,"column":7}}]},"24":{"type":"branch","line":141,"loc":{"start":{"line":141,"column":43},"end":{"line":144,"column":7}},"locations":[{"start":{"line":141,"column":43},"end":{"line":144,"column":7}}]},"25":{"type":"branch","line":145,"loc":{"start":{"line":145,"column":46},"end":{"line":148,"column":7}},"locations":[{"start":{"line":145,"column":46},"end":{"line":148,"column":7}}]},"26":{"type":"branch","line":149,"loc":{"start":{"line":149,"column":42},"end":{"line":152,"column":7}},"locations":[{"start":{"line":149,"column":42},"end":{"line":152,"column":7}}]},"27":{"type":"branch","line":153,"loc":{"start":{"line":153,"column":49},"end":{"line":155,"column":7}},"locations":[{"start":{"line":153,"column":49},"end":{"line":155,"column":7}}]},"28":{"type":"branch","line":156,"loc":{"start":{"line":156,"column":45},"end":{"line":158,"column":7}},"locations":[{"start":{"line":156,"column":45},"end":{"line":158,"column":7}}]},"29":{"type":"branch","line":159,"loc":{"start":{"line":159,"column":4},"end":{"line":171,"column":5}},"locations":[{"start":{"line":159,"column":4},"end":{"line":171,"column":5}}]},"30":{"type":"branch","line":159,"loc":{"start":{"line":159,"column":48},"end":{"line":164,"column":15}},"locations":[{"start":{"line":159,"column":48},"end":{"line":164,"column":15}}]},"31":{"type":"branch","line":164,"loc":{"start":{"line":164,"column":70},"end":{"line":167,"column":15}},"locations":[{"start":{"line":164,"column":70},"end":{"line":167,"column":15}}]},"32":{"type":"branch","line":167,"loc":{"start":{"line":167,"column":38},"end":{"line":169,"column":15}},"locations":[{"start":{"line":167,"column":38},"end":{"line":169,"column":15}}]},"33":{"type":"branch","line":169,"loc":{"start":{"line":169,"column":42},"end":{"line":171,"column":5}},"locations":[{"start":{"line":169,"column":42},"end":{"line":171,"column":5}}]},"34":{"type":"branch","line":179,"loc":{"start":{"line":179,"column":105},"end":{"line":179,"column":148}},"locations":[{"start":{"line":179,"column":105},"end":{"line":179,"column":148}}]},"35":{"type":"branch","line":179,"loc":{"start":{"line":179,"column":148},"end":{"line":181,"column":7}},"locations":[{"start":{"line":179,"column":148},"end":{"line":181,"column":7}}]},"36":{"type":"branch","line":182,"loc":{"start":{"line":182,"column":109},"end":{"line":184,"column":7}},"locations":[{"start":{"line":182,"column":109},"end":{"line":184,"column":7}}]},"37":{"type":"branch","line":185,"loc":{"start":{"line":185,"column":157},"end":{"line":187,"column":7}},"locations":[{"start":{"line":185,"column":157},"end":{"line":187,"column":7}}]},"38":{"type":"branch","line":188,"loc":{"start":{"line":188,"column":75},"end":{"line":190,"column":7}},"locations":[{"start":{"line":188,"column":75},"end":{"line":190,"column":7}}]},"39":{"type":"branch","line":288,"loc":{"start":{"line":288,"column":30},"end":{"line":298,"column":7}},"locations":[{"start":{"line":288,"column":30},"end":{"line":298,"column":7}}]},"40":{"type":"branch","line":304,"loc":{"start":{"line":304,"column":28},"end":{"line":341,"column":3}},"locations":[{"start":{"line":304,"column":28},"end":{"line":341,"column":3}}]},"41":{"type":"branch","line":309,"loc":{"start":{"line":309,"column":43},"end":{"line":341,"column":3}},"locations":[{"start":{"line":309,"column":43},"end":{"line":341,"column":3}}]},"42":{"type":"branch","line":311,"loc":{"start":{"line":311,"column":17},"end":{"line":311,"column":26}},"locations":[{"start":{"line":311,"column":17},"end":{"line":311,"column":26}}]},"43":{"type":"branch","line":312,"loc":{"start":{"line":312,"column":24},"end":{"line":312,"column":73}},"locations":[{"start":{"line":312,"column":24},"end":{"line":312,"column":73}}]},"44":{"type":"branch","line":312,"loc":{"start":{"line":312,"column":68},"end":{"line":312,"column":78}},"locations":[{"start":{"line":312,"column":68},"end":{"line":312,"column":78}}]},"45":{"type":"branch","line":314,"loc":{"start":{"line":314,"column":34},"end":{"line":324,"column":13}},"locations":[{"start":{"line":314,"column":34},"end":{"line":324,"column":13}}]},"46":{"type":"branch","line":316,"loc":{"start":{"line":316,"column":35},"end":{"line":316,"column":50}},"locations":[{"start":{"line":316,"column":35},"end":{"line":316,"column":50}}]},"47":{"type":"branch","line":322,"loc":{"start":{"line":322,"column":47},"end":{"line":322,"column":61}},"locations":[{"start":{"line":322,"column":47},"end":{"line":322,"column":61}}]},"48":{"type":"branch","line":324,"loc":{"start":{"line":324,"column":6},"end":{"line":339,"column":7}},"locations":[{"start":{"line":324,"column":6},"end":{"line":339,"column":7}}]},"49":{"type":"branch","line":326,"loc":{"start":{"line":326,"column":35},"end":{"line":326,"column":50}},"locations":[{"start":{"line":326,"column":35},"end":{"line":326,"column":50}}]},"50":{"type":"branch","line":359,"loc":{"start":{"line":359,"column":67},"end":{"line":359,"column":75}},"locations":[{"start":{"line":359,"column":67},"end":{"line":359,"column":75}}]},"51":{"type":"branch","line":366,"loc":{"start":{"line":366,"column":18},"end":{"line":366,"column":38}},"locations":[{"start":{"line":366,"column":18},"end":{"line":366,"column":38}}]},"52":{"type":"branch","line":366,"loc":{"start":{"line":366,"column":33},"end":{"line":366,"column":43}},"locations":[{"start":{"line":366,"column":33},"end":{"line":366,"column":43}}]},"53":{"type":"branch","line":374,"loc":{"start":{"line":374,"column":35},"end":{"line":374,"column":97}},"locations":[{"start":{"line":374,"column":35},"end":{"line":374,"column":97}}]},"54":{"type":"branch","line":393,"loc":{"start":{"line":393,"column":31},"end":{"line":395,"column":3}},"locations":[{"start":{"line":393,"column":31},"end":{"line":395,"column":3}}]},"55":{"type":"branch","line":407,"loc":{"start":{"line":407,"column":32},"end":{"line":410,"column":3}},"locations":[{"start":{"line":407,"column":32},"end":{"line":410,"column":3}}]},"56":{"type":"branch","line":417,"loc":{"start":{"line":417,"column":32},"end":{"line":420,"column":3}},"locations":[{"start":{"line":417,"column":32},"end":{"line":420,"column":3}}]},"57":{"type":"branch","line":423,"loc":{"start":{"line":423,"column":34},"end":{"line":430,"column":3}},"locations":[{"start":{"line":423,"column":34},"end":{"line":430,"column":3}}]},"58":{"type":"branch","line":433,"loc":{"start":{"line":433,"column":33},"end":{"line":440,"column":9}},"locations":[{"start":{"line":433,"column":33},"end":{"line":440,"column":9}}]},"59":{"type":"branch","line":467,"loc":{"start":{"line":467,"column":86},"end":{"line":469,"column":3}},"locations":[{"start":{"line":467,"column":86},"end":{"line":469,"column":3}}]},"60":{"type":"branch","line":470,"loc":{"start":{"line":470,"column":77},"end":{"line":472,"column":3}},"locations":[{"start":{"line":470,"column":77},"end":{"line":472,"column":3}}]},"61":{"type":"branch","line":478,"loc":{"start":{"line":478,"column":23},"end":{"line":480,"column":3}},"locations":[{"start":{"line":478,"column":23},"end":{"line":480,"column":3}}]},"62":{"type":"branch","line":481,"loc":{"start":{"line":481,"column":34},"end":{"line":483,"column":3}},"locations":[{"start":{"line":481,"column":34},"end":{"line":483,"column":3}}]},"63":{"type":"branch","line":484,"loc":{"start":{"line":484,"column":20},"end":{"line":486,"column":3}},"locations":[{"start":{"line":484,"column":20},"end":{"line":486,"column":3}}]},"64":{"type":"branch","line":501,"loc":{"start":{"line":501,"column":31},"end":{"line":501,"column":117}},"locations":[{"start":{"line":501,"column":31},"end":{"line":501,"column":117}}]},"65":{"type":"branch","line":501,"loc":{"start":{"line":501,"column":69},"end":{"line":501,"column":147}},"locations":[{"start":{"line":501,"column":69},"end":{"line":501,"column":147}}]},"66":{"type":"branch","line":502,"loc":{"start":{"line":502,"column":20},"end":{"line":502,"column":105}},"locations":[{"start":{"line":502,"column":20},"end":{"line":502,"column":105}}]},"67":{"type":"branch","line":502,"loc":{"start":{"line":502,"column":44},"end":{"line":502,"column":140}},"locations":[{"start":{"line":502,"column":44},"end":{"line":502,"column":140}}]},"68":{"type":"branch","line":549,"loc":{"start":{"line":549,"column":35},"end":{"line":549,"column":47}},"locations":[{"start":{"line":549,"column":35},"end":{"line":549,"column":47}}]},"69":{"type":"branch","line":549,"loc":{"start":{"line":549,"column":66},"end":{"line":549,"column":77}},"locations":[{"start":{"line":549,"column":66},"end":{"line":549,"column":77}}]},"70":{"type":"branch","line":549,"loc":{"start":{"line":549,"column":96},"end":{"line":549,"column":108}},"locations":[{"start":{"line":549,"column":96},"end":{"line":549,"column":108}}]},"71":{"type":"branch","line":549,"loc":{"start":{"line":549,"column":101},"end":{"line":549,"column":142}},"locations":[{"start":{"line":549,"column":101},"end":{"line":549,"column":142}}]},"72":{"type":"branch","line":549,"loc":{"start":{"line":549,"column":132},"end":{"line":549,"column":142}},"locations":[{"start":{"line":549,"column":132},"end":{"line":549,"column":142}}]},"73":{"type":"branch","line":550,"loc":{"start":{"line":550,"column":50},"end":{"line":550,"column":71}},"locations":[{"start":{"line":550,"column":50},"end":{"line":550,"column":71}}]},"74":{"type":"branch","line":550,"loc":{"start":{"line":550,"column":90},"end":{"line":550,"column":112}},"locations":[{"start":{"line":550,"column":90},"end":{"line":550,"column":112}}]},"75":{"type":"branch","line":550,"loc":{"start":{"line":550,"column":95},"end":{"line":550,"column":165}},"locations":[{"start":{"line":550,"column":95},"end":{"line":550,"column":165}}]},"76":{"type":"branch","line":550,"loc":{"start":{"line":550,"column":136},"end":{"line":550,"column":165}},"locations":[{"start":{"line":550,"column":136},"end":{"line":550,"column":165}}]},"77":{"type":"branch","line":571,"loc":{"start":{"line":571,"column":51},"end":{"line":571,"column":77}},"locations":[{"start":{"line":571,"column":51},"end":{"line":571,"column":77}}]},"78":{"type":"branch","line":571,"loc":{"start":{"line":571,"column":96},"end":{"line":571,"column":114}},"locations":[{"start":{"line":571,"column":96},"end":{"line":571,"column":114}}]},"79":{"type":"branch","line":571,"loc":{"start":{"line":571,"column":101},"end":{"line":571,"column":129}},"locations":[{"start":{"line":571,"column":101},"end":{"line":571,"column":129}}]},"80":{"type":"branch","line":576,"loc":{"start":{"line":576,"column":41},"end":{"line":576,"column":73}},"locations":[{"start":{"line":576,"column":41},"end":{"line":576,"column":73}}]},"81":{"type":"branch","line":576,"loc":{"start":{"line":576,"column":46},"end":{"line":576,"column":105}},"locations":[{"start":{"line":576,"column":46},"end":{"line":576,"column":105}}]},"82":{"type":"branch","line":583,"loc":{"start":{"line":583,"column":22},"end":{"line":583,"column":93}},"locations":[{"start":{"line":583,"column":22},"end":{"line":583,"column":93}}]},"83":{"type":"branch","line":583,"loc":{"start":{"line":583,"column":49},"end":{"line":583,"column":142}},"locations":[{"start":{"line":583,"column":49},"end":{"line":583,"column":142}}]},"84":{"type":"branch","line":584,"loc":{"start":{"line":584,"column":33},"end":{"line":584,"column":89}},"locations":[{"start":{"line":584,"column":33},"end":{"line":584,"column":89}}]},"85":{"type":"branch","line":584,"loc":{"start":{"line":584,"column":37},"end":{"line":584,"column":139}},"locations":[{"start":{"line":584,"column":37},"end":{"line":584,"column":139}}]},"86":{"type":"branch","line":587,"loc":{"start":{"line":587,"column":46},"end":{"line":587,"column":99}},"locations":[{"start":{"line":587,"column":46},"end":{"line":587,"column":99}}]},"87":{"type":"branch","line":587,"loc":{"start":{"line":587,"column":50},"end":{"line":587,"column":145}},"locations":[{"start":{"line":587,"column":50},"end":{"line":587,"column":145}}]},"88":{"type":"branch","line":590,"loc":{"start":{"line":590,"column":46},"end":{"line":590,"column":87}},"locations":[{"start":{"line":590,"column":46},"end":{"line":590,"column":87}}]},"89":{"type":"branch","line":597,"loc":{"start":{"line":597,"column":42},"end":{"line":597,"column":55}},"locations":[{"start":{"line":597,"column":42},"end":{"line":597,"column":55}}]},"90":{"type":"branch","line":636,"loc":{"start":{"line":636,"column":49},"end":{"line":636,"column":63}},"locations":[{"start":{"line":636,"column":49},"end":{"line":636,"column":63}}]},"91":{"type":"branch","line":636,"loc":{"start":{"line":636,"column":53},"end":{"line":636,"column":70}},"locations":[{"start":{"line":636,"column":53},"end":{"line":636,"column":70}}]},"92":{"type":"branch","line":193,"loc":{"start":{"line":193,"column":20},"end":{"line":285,"column":7}},"locations":[{"start":{"line":193,"column":20},"end":{"line":285,"column":7}}]},"93":{"type":"branch","line":198,"loc":{"start":{"line":198,"column":35},"end":{"line":198,"column":67}},"locations":[{"start":{"line":198,"column":35},"end":{"line":198,"column":67}}]},"94":{"type":"branch","line":198,"loc":{"start":{"line":198,"column":62},"end":{"line":198,"column":95}},"locations":[{"start":{"line":198,"column":62},"end":{"line":198,"column":95}}]},"95":{"type":"branch","line":198,"loc":{"start":{"line":198,"column":90},"end":{"line":198,"column":120}},"locations":[{"start":{"line":198,"column":90},"end":{"line":198,"column":120}}]},"96":{"type":"branch","line":198,"loc":{"start":{"line":198,"column":120},"end":{"line":200,"column":9}},"locations":[{"start":{"line":198,"column":120},"end":{"line":200,"column":9}}]},"97":{"type":"branch","line":205,"loc":{"start":{"line":205,"column":126},"end":{"line":206,"column":53}},"locations":[{"start":{"line":205,"column":126},"end":{"line":206,"column":53}}]},"98":{"type":"branch","line":207,"loc":{"start":{"line":207,"column":10},"end":{"line":216,"column":9}},"locations":[{"start":{"line":207,"column":10},"end":{"line":216,"column":9}}]},"99":{"type":"branch","line":220,"loc":{"start":{"line":220,"column":63},"end":{"line":221,"column":49}},"locations":[{"start":{"line":220,"column":63},"end":{"line":221,"column":49}}]},"100":{"type":"branch","line":221,"loc":{"start":{"line":221,"column":45},"end":{"line":222,"column":47}},"locations":[{"start":{"line":221,"column":45},"end":{"line":222,"column":47}}]},"101":{"type":"branch","line":223,"loc":{"start":{"line":223,"column":10},"end":{"line":232,"column":9}},"locations":[{"start":{"line":223,"column":10},"end":{"line":232,"column":9}}]},"102":{"type":"branch","line":235,"loc":{"start":{"line":235,"column":54},"end":{"line":244,"column":9}},"locations":[{"start":{"line":235,"column":54},"end":{"line":244,"column":9}}]},"103":{"type":"branch","line":248,"loc":{"start":{"line":248,"column":45},"end":{"line":258,"column":9}},"locations":[{"start":{"line":248,"column":45},"end":{"line":258,"column":9}}]},"104":{"type":"branch","line":261,"loc":{"start":{"line":261,"column":49},"end":{"line":261,"column":83}},"locations":[{"start":{"line":261,"column":49},"end":{"line":261,"column":83}}]},"105":{"type":"branch","line":261,"loc":{"start":{"line":261,"column":83},"end":{"line":271,"column":9}},"locations":[{"start":{"line":261,"column":83},"end":{"line":271,"column":9}}]},"106":{"type":"branch","line":274,"loc":{"start":{"line":274,"column":52},"end":{"line":284,"column":9}},"locations":[{"start":{"line":274,"column":52},"end":{"line":284,"column":9}}]},"107":{"type":"branch","line":327,"loc":{"start":{"line":327,"column":44},"end":{"line":327,"column":90}},"locations":[{"start":{"line":327,"column":44},"end":{"line":327,"column":90}}]},"108":{"type":"branch","line":327,"loc":{"start":{"line":327,"column":60},"end":{"line":327,"column":90}},"locations":[{"start":{"line":327,"column":60},"end":{"line":327,"column":90}}]},"109":{"type":"branch","line":344,"loc":{"start":{"line":344,"column":2},"end":{"line":354,"column":3}},"locations":[{"start":{"line":344,"column":2},"end":{"line":354,"column":3}}]},"110":{"type":"branch","line":345,"loc":{"start":{"line":345,"column":30},"end":{"line":345,"column":47}},"locations":[{"start":{"line":345,"column":30},"end":{"line":345,"column":47}}]},"111":{"type":"branch","line":345,"loc":{"start":{"line":345,"column":42},"end":{"line":353,"column":17}},"locations":[{"start":{"line":345,"column":42},"end":{"line":353,"column":17}}]},"112":{"type":"branch","line":348,"loc":{"start":{"line":348,"column":41},"end":{"line":350,"column":7}},"locations":[{"start":{"line":348,"column":41},"end":{"line":350,"column":7}}]},"113":{"type":"branch","line":362,"loc":{"start":{"line":362,"column":51},"end":{"line":362,"column":81}},"locations":[{"start":{"line":362,"column":51},"end":{"line":362,"column":81}}]},"114":{"type":"branch","line":362,"loc":{"start":{"line":362,"column":120},"end":{"line":362,"column":146}},"locations":[{"start":{"line":362,"column":120},"end":{"line":362,"column":146}}]},"115":{"type":"branch","line":362,"loc":{"start":{"line":362,"column":185},"end":{"line":362,"column":213}},"locations":[{"start":{"line":362,"column":185},"end":{"line":362,"column":213}}]},"116":{"type":"branch","line":370,"loc":{"start":{"line":370,"column":66},"end":{"line":370,"column":85}},"locations":[{"start":{"line":370,"column":66},"end":{"line":370,"column":85}}]},"117":{"type":"branch","line":378,"loc":{"start":{"line":378,"column":44},"end":{"line":378,"column":63}},"locations":[{"start":{"line":378,"column":44},"end":{"line":378,"column":63}}]},"118":{"type":"branch","line":378,"loc":{"start":{"line":378,"column":91},"end":{"line":378,"column":126}},"locations":[{"start":{"line":378,"column":91},"end":{"line":378,"column":126}}]},"119":{"type":"branch","line":447,"loc":{"start":{"line":447,"column":32},"end":{"line":459,"column":3}},"locations":[{"start":{"line":447,"column":32},"end":{"line":459,"column":3}}]},"120":{"type":"branch","line":448,"loc":{"start":{"line":448,"column":32},"end":{"line":448,"column":45}},"locations":[{"start":{"line":448,"column":32},"end":{"line":448,"column":45}}]},"121":{"type":"branch","line":448,"loc":{"start":{"line":448,"column":54},"end":{"line":448,"column":66}},"locations":[{"start":{"line":448,"column":54},"end":{"line":448,"column":66}}]},"122":{"type":"branch","line":449,"loc":{"start":{"line":449,"column":68},"end":{"line":449,"column":77}},"locations":[{"start":{"line":449,"column":68},"end":{"line":449,"column":77}}]},"123":{"type":"branch","line":449,"loc":{"start":{"line":449,"column":72},"end":{"line":449,"column":80}},"locations":[{"start":{"line":449,"column":72},"end":{"line":449,"column":80}}]},"124":{"type":"branch","line":450,"loc":{"start":{"line":450,"column":64},"end":{"line":450,"column":73}},"locations":[{"start":{"line":450,"column":64},"end":{"line":450,"column":73}}]},"125":{"type":"branch","line":450,"loc":{"start":{"line":450,"column":68},"end":{"line":450,"column":76}},"locations":[{"start":{"line":450,"column":68},"end":{"line":450,"column":76}}]},"126":{"type":"branch","line":449,"loc":{"start":{"line":449,"column":42},"end":{"line":449,"column":68}},"locations":[{"start":{"line":449,"column":42},"end":{"line":449,"column":68}}]},"127":{"type":"branch","line":450,"loc":{"start":{"line":450,"column":38},"end":{"line":450,"column":64}},"locations":[{"start":{"line":450,"column":38},"end":{"line":450,"column":64}}]},"128":{"type":"branch","line":467,"loc":{"start":{"line":467,"column":27},"end":{"line":467,"column":83}},"locations":[{"start":{"line":467,"column":27},"end":{"line":467,"column":83}}]},"129":{"type":"branch","line":467,"loc":{"start":{"line":467,"column":56},"end":{"line":467,"column":83}},"locations":[{"start":{"line":467,"column":56},"end":{"line":467,"column":83}}]},"130":{"type":"branch","line":470,"loc":{"start":{"line":470,"column":16},"end":{"line":470,"column":74}},"locations":[{"start":{"line":470,"column":16},"end":{"line":470,"column":74}}]},"131":{"type":"branch","line":470,"loc":{"start":{"line":470,"column":44},"end":{"line":470,"column":74}},"locations":[{"start":{"line":470,"column":44},"end":{"line":470,"column":74}}]},"132":{"type":"branch","line":508,"loc":{"start":{"line":508,"column":35},"end":{"line":508,"column":71}},"locations":[{"start":{"line":508,"column":35},"end":{"line":508,"column":71}}]},"133":{"type":"branch","line":509,"loc":{"start":{"line":509,"column":33},"end":{"line":509,"column":57}},"locations":[{"start":{"line":509,"column":33},"end":{"line":509,"column":57}}]},"134":{"type":"branch","line":510,"loc":{"start":{"line":510,"column":29},"end":{"line":510,"column":82}},"locations":[{"start":{"line":510,"column":29},"end":{"line":510,"column":82}}]},"135":{"type":"branch","line":510,"loc":{"start":{"line":510,"column":88},"end":{"line":510,"column":136}},"locations":[{"start":{"line":510,"column":88},"end":{"line":510,"column":136}}]},"136":{"type":"branch","line":511,"loc":{"start":{"line":511,"column":26},"end":{"line":511,"column":113}},"locations":[{"start":{"line":511,"column":26},"end":{"line":511,"column":113}}]},"137":{"type":"branch","line":511,"loc":{"start":{"line":511,"column":83},"end":{"line":511,"column":113}},"locations":[{"start":{"line":511,"column":83},"end":{"line":511,"column":113}}]},"138":{"type":"branch","line":511,"loc":{"start":{"line":511,"column":119},"end":{"line":511,"column":167}},"locations":[{"start":{"line":511,"column":119},"end":{"line":511,"column":167}}]},"139":{"type":"branch","line":628,"loc":{"start":{"line":628,"column":43},"end":{"line":631,"column":8}},"locations":[{"start":{"line":628,"column":43},"end":{"line":631,"column":8}}]},"140":{"type":"branch","line":630,"loc":{"start":{"line":630,"column":23},"end":{"line":630,"column":32}},"locations":[{"start":{"line":630,"column":23},"end":{"line":630,"column":32}}]},"141":{"type":"branch","line":630,"loc":{"start":{"line":630,"column":27},"end":{"line":630,"column":51}},"locations":[{"start":{"line":630,"column":27},"end":{"line":630,"column":51}}]},"142":{"type":"branch","line":630,"loc":{"start":{"line":630,"column":40},"end":{"line":630,"column":49}},"locations":[{"start":{"line":630,"column":40},"end":{"line":630,"column":49}}]},"143":{"type":"branch","line":630,"loc":{"start":{"line":630,"column":44},"end":{"line":630,"column":51}},"locations":[{"start":{"line":630,"column":44},"end":{"line":630,"column":51}}]},"144":{"type":"branch","line":634,"loc":{"start":{"line":634,"column":27},"end":{"line":634,"column":50}},"locations":[{"start":{"line":634,"column":27},"end":{"line":634,"column":50}}]},"145":{"type":"branch","line":637,"loc":{"start":{"line":637,"column":38},"end":{"line":637,"column":98}},"locations":[{"start":{"line":637,"column":38},"end":{"line":637,"column":98}}]},"146":{"type":"branch","line":637,"loc":{"start":{"line":637,"column":66},"end":{"line":637,"column":98}},"locations":[{"start":{"line":637,"column":66},"end":{"line":637,"column":98}}]},"147":{"type":"branch","line":637,"loc":{"start":{"line":637,"column":104},"end":{"line":637,"column":119}},"locations":[{"start":{"line":637,"column":104},"end":{"line":637,"column":119}}]},"148":{"type":"branch","line":638,"loc":{"start":{"line":638,"column":38},"end":{"line":638,"column":66}},"locations":[{"start":{"line":638,"column":38},"end":{"line":638,"column":66}}]},"149":{"type":"branch","line":638,"loc":{"start":{"line":638,"column":72},"end":{"line":638,"column":83}},"locations":[{"start":{"line":638,"column":72},"end":{"line":638,"column":83}}]},"150":{"type":"branch","line":640,"loc":{"start":{"line":640,"column":50},"end":{"line":640,"column":61}},"locations":[{"start":{"line":640,"column":50},"end":{"line":640,"column":61}}]},"151":{"type":"branch","line":641,"loc":{"start":{"line":641,"column":49},"end":{"line":641,"column":60}},"locations":[{"start":{"line":641,"column":49},"end":{"line":641,"column":60}}]}},"b":{"0":[40],"1":[15],"2":[0],"3":[6],"4":[3],"5":[1],"6":[0],"7":[0],"8":[1],"9":[0],"10":[0],"11":[0],"12":[0],"13":[0],"14":[6],"15":[0],"16":[7],"17":[1],"18":[10],"19":[17],"20":[3],"21":[0],"22":[3],"23":[2],"24":[0],"25":[1],"26":[0],"27":[1],"28":[0],"29":[14],"30":[0],"31":[0],"32":[0],"33":[0],"34":[16],"35":[1],"36":[0],"37":[0],"38":[0],"39":[1],"40":[17],"41":[25],"42":[0],"43":[8],"44":[17],"45":[17],"46":[0],"47":[0],"48":[8],"49":[0],"50":[0],"51":[3],"52":[7],"53":[0],"54":[0],"55":[0],"56":[1],"57":[0],"58":[0],"59":[1],"60":[1],"61":[4],"62":[3],"63":[3],"64":[3],"65":[7],"66":[4],"67":[6],"68":[0],"69":[0],"70":[2],"71":[8],"72":[0],"73":[0],"74":[2],"75":[8],"76":[0],"77":[0],"78":[3],"79":[7],"80":[2],"81":[8],"82":[4],"83":[6],"84":[3],"85":[7],"86":[3],"87":[7],"88":[0],"89":[0],"90":[3],"91":[7],"92":[393],"93":[392],"94":[390],"95":[390],"96":[3],"97":[3],"98":[1],"99":[1],"100":[1],"101":[1],"102":[1],"103":[2],"104":[2],"105":[2],"106":[1],"107":[3],"108":[0],"109":[35],"110":[17],"111":[18],"112":[25],"113":[3],"114":[3],"115":[3],"116":[17],"117":[17],"118":[6],"119":[17],"120":[0],"121":[0],"122":[3],"123":[14],"124":[4],"125":[13],"126":[3],"127":[8],"128":[3],"129":[2],"130":[6],"131":[5],"132":[8],"133":[8],"134":[6],"135":[3],"136":[6],"137":[3],"138":[5],"139":[16],"140":[10],"141":[6],"142":[5],"143":[1],"144":[32],"145":[6],"146":[4],"147":[2],"148":[32],"149":[1],"150":[15],"151":[6]},"fnMap":{"0":{"name":"getLanguageByExtension","decl":{"start":{"line":76,"column":7},"end":{"line":97,"column":1}},"loc":{"start":{"line":76,"column":7},"end":{"line":97,"column":1}},"line":76},"1":{"name":"analyzeCodebase","decl":{"start":{"line":99,"column":7},"end":{"line":664,"column":1}},"loc":{"start":{"line":99,"column":7},"end":{"line":664,"column":1}},"line":99},"2":{"name":"computeFolderSizes","decl":{"start":{"line":344,"column":2},"end":{"line":354,"column":3}},"loc":{"start":{"line":344,"column":2},"end":{"line":354,"column":3}},"line":344}},"f":{"0":40,"1":10,"2":35}}
}
